1751728564.591613 client started (4030): version 3.4, socket /tmp/tmux-1000/default, protocol 8
1751728564.591639 on Linux 6.6.87.2-microsoft-standard-WSL2 #1 SMP PREEMPT_DYNAMIC Thu Jun  5 18:30:46 UTC 2025
1751728564.591641 using libevent 2.1.12-stable poll
1751728564.591641 using ncurses 6.4 20240113
1751728564.591646 flags are 0x10010000
1751728564.591652 socket is /tmp/tmux-1000/default
1751728564.591661 trying connect
1751728564.591718 add peer 0x5abc52d28ca0: 6 ((nil))
1751728564.591848 sending message 100 to peer 0x5abc52d28ca0 (4 bytes)
1751728564.591850 sending message 111 to peer 0x5abc52d28ca0 (8 bytes)
1751728564.591851 sending message 101 to peer 0x5abc52d28ca0 (14 bytes)
1751728564.591852 sending message 109 to peer 0x5abc52d28ca0 (4 bytes)
1751728564.591853 sending message 102 to peer 0x5abc52d28ca0 (11 bytes)
1751728564.591853 sending message 108 to peer 0x5abc52d28ca0 (25 bytes)
1751728564.591854 sending message 112 to peer 0x5abc52d28ca0 (70 bytes)
1751728564.591855 sending message 112 to peer 0x5abc52d28ca0 (5 bytes)
1751728564.591856 sending message 112 to peer 0x5abc52d28ca0 (5 bytes)
1751728564.591856 sending message 112 to peer 0x5abc52d28ca0 (6 bytes)
1751728564.591857 sending message 112 to peer 0x5abc52d28ca0 (6 bytes)
1751728564.591857 sending message 112 to peer 0x5abc52d28ca0 (11 bytes)
1751728564.591858 sending message 112 to peer 0x5abc52d28ca0 (10 bytes)
1751728564.591859 sending message 112 to peer 0x5abc52d28ca0 (13 bytes)
1751728564.591860 sending message 112 to peer 0x5abc52d28ca0 (13 bytes)
1751728564.591860 sending message 112 to peer 0x5abc52d28ca0 (18 bytes)
1751728564.591861 sending message 112 to peer 0x5abc52d28ca0 (11 bytes)
1751728564.591861 sending message 112 to peer 0x5abc52d28ca0 (10 bytes)
1751728564.591862 sending message 112 to peer 0x5abc52d28ca0 (15 bytes)
1751728564.591863 sending message 112 to peer 0x5abc52d28ca0 (21 bytes)
1751728564.591863 sending message 112 to peer 0x5abc52d28ca0 (13 bytes)
1751728564.591864 sending message 112 to peer 0x5abc52d28ca0 (7 bytes)
1751728564.591865 sending message 112 to peer 0x5abc52d28ca0 (13 bytes)
1751728564.591865 sending message 112 to peer 0x5abc52d28ca0 (7 bytes)
1751728564.591866 sending message 112 to peer 0x5abc52d28ca0 (13 bytes)
1751728564.591867 sending message 112 to peer 0x5abc52d28ca0 (9 bytes)
1751728564.591867 sending message 112 to peer 0x5abc52d28ca0 (21 bytes)
1751728564.591868 sending message 112 to peer 0x5abc52d28ca0 (13 bytes)
1751728564.591869 sending message 112 to peer 0x5abc52d28ca0 (8 bytes)
1751728564.591869 sending message 112 to peer 0x5abc52d28ca0 (12 bytes)
1751728564.591870 sending message 112 to peer 0x5abc52d28ca0 (13 bytes)
1751728564.591871 sending message 112 to peer 0x5abc52d28ca0 (9 bytes)
1751728564.591871 sending message 112 to peer 0x5abc52d28ca0 (9 bytes)
1751728564.591872 sending message 112 to peer 0x5abc52d28ca0 (12 bytes)
1751728564.591873 sending message 112 to peer 0x5abc52d28ca0 (8 bytes)
1751728564.591873 sending message 112 to peer 0x5abc52d28ca0 (8 bytes)
1751728564.591874 sending message 112 to peer 0x5abc52d28ca0 (7 bytes)
1751728564.591874 sending message 112 to peer 0x5abc52d28ca0 (7 bytes)
1751728564.591875 sending message 112 to peer 0x5abc52d28ca0 (9 bytes)
1751728564.591876 sending message 112 to peer 0x5abc52d28ca0 (13 bytes)
1751728564.591876 sending message 112 to peer 0x5abc52d28ca0 (6 bytes)
1751728564.591877 sending message 112 to peer 0x5abc52d28ca0 (9 bytes)
1751728564.591878 sending message 112 to peer 0x5abc52d28ca0 (15 bytes)
1751728564.591878 sending message 112 to peer 0x5abc52d28ca0 (13 bytes)
1751728564.591879 sending message 112 to peer 0x5abc52d28ca0 (12 bytes)
1751728564.591880 sending message 112 to peer 0x5abc52d28ca0 (8 bytes)
1751728564.591881 sending message 112 to peer 0x5abc52d28ca0 (14 bytes)
1751728564.591881 sending message 112 to peer 0x5abc52d28ca0 (11 bytes)
1751728564.591882 sending message 112 to peer 0x5abc52d28ca0 (9 bytes)
1751728564.591883 sending message 112 to peer 0x5abc52d28ca0 (10 bytes)
1751728564.591883 sending message 112 to peer 0x5abc52d28ca0 (10 bytes)
1751728564.591888 sending message 112 to peer 0x5abc52d28ca0 (10 bytes)
1751728564.591889 sending message 112 to peer 0x5abc52d28ca0 (10 bytes)
1751728564.591890 sending message 112 to peer 0x5abc52d28ca0 (11 bytes)
1751728564.591890 sending message 112 to peer 0x5abc52d28ca0 (12 bytes)
1751728564.591891 sending message 112 to peer 0x5abc52d28ca0 (12 bytes)
1751728564.591892 sending message 112 to peer 0x5abc52d28ca0 (12 bytes)
1751728564.591892 sending message 112 to peer 0x5abc52d28ca0 (12 bytes)
1751728564.591893 sending message 112 to peer 0x5abc52d28ca0 (12 bytes)
1751728564.591893 sending message 112 to peer 0x5abc52d28ca0 (11 bytes)
1751728564.591894 sending message 112 to peer 0x5abc52d28ca0 (11 bytes)
1751728564.591895 sending message 112 to peer 0x5abc52d28ca0 (12 bytes)
1751728564.591895 sending message 112 to peer 0x5abc52d28ca0 (12 bytes)
1751728564.591896 sending message 112 to peer 0x5abc52d28ca0 (12 bytes)
1751728564.591897 sending message 112 to peer 0x5abc52d28ca0 (12 bytes)
1751728564.591897 sending message 112 to peer 0x5abc52d28ca0 (12 bytes)
1751728564.591898 sending message 112 to peer 0x5abc52d28ca0 (10 bytes)
1751728564.591899 sending message 112 to peer 0x5abc52d28ca0 (12 bytes)
1751728564.591899 sending message 112 to peer 0x5abc52d28ca0 (13 bytes)
1751728564.591900 sending message 112 to peer 0x5abc52d28ca0 (13 bytes)
1751728564.591901 sending message 112 to peer 0x5abc52d28ca0 (13 bytes)
1751728564.591901 sending message 112 to peer 0x5abc52d28ca0 (13 bytes)
1751728564.591902 sending message 112 to peer 0x5abc52d28ca0 (13 bytes)
1751728564.591903 sending message 112 to peer 0x5abc52d28ca0 (8 bytes)
1751728564.591903 sending message 112 to peer 0x5abc52d28ca0 (11 bytes)
1751728564.591904 sending message 112 to peer 0x5abc52d28ca0 (11 bytes)
1751728564.591905 sending message 112 to peer 0x5abc52d28ca0 (11 bytes)
1751728564.591905 sending message 112 to peer 0x5abc52d28ca0 (12 bytes)
1751728564.591906 sending message 112 to peer 0x5abc52d28ca0 (12 bytes)
1751728564.591906 sending message 112 to peer 0x5abc52d28ca0 (12 bytes)
1751728564.591907 sending message 112 to peer 0x5abc52d28ca0 (12 bytes)
1751728564.591908 sending message 112 to peer 0x5abc52d28ca0 (13 bytes)
1751728564.591908 sending message 112 to peer 0x5abc52d28ca0 (13 bytes)
1751728564.591909 sending message 112 to peer 0x5abc52d28ca0 (13 bytes)
1751728564.591910 sending message 112 to peer 0x5abc52d28ca0 (8 bytes)
1751728564.591910 sending message 112 to peer 0x5abc52d28ca0 (13 bytes)
1751728564.591911 sending message 112 to peer 0x5abc52d28ca0 (13 bytes)
1751728564.591912 sending message 112 to peer 0x5abc52d28ca0 (13 bytes)
1751728564.591912 sending message 112 to peer 0x5abc52d28ca0 (13 bytes)
1751728564.591913 sending message 112 to peer 0x5abc52d28ca0 (13 bytes)
1751728564.591914 sending message 112 to peer 0x5abc52d28ca0 (12 bytes)
1751728564.591914 sending message 112 to peer 0x5abc52d28ca0 (12 bytes)
1751728564.591915 sending message 112 to peer 0x5abc52d28ca0 (12 bytes)
1751728564.591916 sending message 112 to peer 0x5abc52d28ca0 (12 bytes)
1751728564.591916 sending message 112 to peer 0x5abc52d28ca0 (13 bytes)
1751728564.591917 sending message 112 to peer 0x5abc52d28ca0 (8 bytes)
1751728564.591918 sending message 112 to peer 0x5abc52d28ca0 (13 bytes)
1751728564.591918 sending message 112 to peer 0x5abc52d28ca0 (13 bytes)
1751728564.591919 sending message 112 to peer 0x5abc52d28ca0 (13 bytes)
1751728564.591920 sending message 112 to peer 0x5abc52d28ca0 (13 bytes)
1751728564.591920 sending message 112 to peer 0x5abc52d28ca0 (13 bytes)
1751728564.591921 sending message 112 to peer 0x5abc52d28ca0 (13 bytes)
1751728564.591921 sending message 112 to peer 0x5abc52d28ca0 (13 bytes)
1751728564.591922 sending message 112 to peer 0x5abc52d28ca0 (12 bytes)
1751728564.591923 sending message 112 to peer 0x5abc52d28ca0 (12 bytes)
1751728564.591923 sending message 112 to peer 0x5abc52d28ca0 (12 bytes)
1751728564.591924 sending message 112 to peer 0x5abc52d28ca0 (8 bytes)
1751728564.591925 sending message 112 to peer 0x5abc52d28ca0 (12 bytes)
1751728564.591927 sending message 112 to peer 0x5abc52d28ca0 (13 bytes)
1751728564.591927 sending message 112 to peer 0x5abc52d28ca0 (13 bytes)
1751728564.591928 sending message 112 to peer 0x5abc52d28ca0 (13 bytes)
1751728564.591929 sending message 112 to peer 0x5abc52d28ca0 (13 bytes)
1751728564.591929 sending message 112 to peer 0x5abc52d28ca0 (13 bytes)
1751728564.591930 sending message 112 to peer 0x5abc52d28ca0 (13 bytes)
1751728564.591930 sending message 112 to peer 0x5abc52d28ca0 (13 bytes)
1751728564.591931 sending message 112 to peer 0x5abc52d28ca0 (13 bytes)
1751728564.591932 sending message 112 to peer 0x5abc52d28ca0 (12 bytes)
1751728564.591932 sending message 112 to peer 0x5abc52d28ca0 (10 bytes)
1751728564.591933 sending message 112 to peer 0x5abc52d28ca0 (12 bytes)
1751728564.591934 sending message 112 to peer 0x5abc52d28ca0 (12 bytes)
1751728564.591934 sending message 112 to peer 0x5abc52d28ca0 (12 bytes)
1751728564.591935 sending message 112 to peer 0x5abc52d28ca0 (13 bytes)
1751728564.591936 sending message 112 to peer 0x5abc52d28ca0 (13 bytes)
1751728564.591936 sending message 112 to peer 0x5abc52d28ca0 (13 bytes)
1751728564.591937 sending message 112 to peer 0x5abc52d28ca0 (13 bytes)
1751728564.591938 sending message 112 to peer 0x5abc52d28ca0 (13 bytes)
1751728564.591938 sending message 112 to peer 0x5abc52d28ca0 (13 bytes)
1751728564.591939 sending message 112 to peer 0x5abc52d28ca0 (13 bytes)
1751728564.591940 sending message 112 to peer 0x5abc52d28ca0 (10 bytes)
1751728564.591940 sending message 112 to peer 0x5abc52d28ca0 (13 bytes)
1751728564.591941 sending message 112 to peer 0x5abc52d28ca0 (12 bytes)
1751728564.591941 sending message 112 to peer 0x5abc52d28ca0 (12 bytes)
1751728564.591942 sending message 112 to peer 0x5abc52d28ca0 (12 bytes)
1751728564.591943 sending message 112 to peer 0x5abc52d28ca0 (10 bytes)
1751728564.591943 sending message 112 to peer 0x5abc52d28ca0 (10 bytes)
1751728564.591944 sending message 112 to peer 0x5abc52d28ca0 (10 bytes)
1751728564.591945 sending message 112 to peer 0x5abc52d28ca0 (12 bytes)
1751728564.591945 sending message 112 to peer 0x5abc52d28ca0 (13 bytes)
1751728564.591946 sending message 112 to peer 0x5abc52d28ca0 (13 bytes)
1751728564.591947 sending message 112 to peer 0x5abc52d28ca0 (13 bytes)
1751728564.591976 sending message 112 to peer 0x5abc52d28ca0 (13 bytes)
1751728564.591984 sending message 112 to peer 0x5abc52d28ca0 (13 bytes)
1751728564.591985 sending message 112 to peer 0x5abc52d28ca0 (11 bytes)
1751728564.591986 sending message 112 to peer 0x5abc52d28ca0 (11 bytes)
1751728564.591987 sending message 112 to peer 0x5abc52d28ca0 (12 bytes)
1751728564.591987 sending message 112 to peer 0x5abc52d28ca0 (12 bytes)
1751728564.591988 sending message 112 to peer 0x5abc52d28ca0 (12 bytes)
1751728564.591988 sending message 112 to peer 0x5abc52d28ca0 (12 bytes)
1751728564.591989 sending message 112 to peer 0x5abc52d28ca0 (12 bytes)
1751728564.591990 sending message 112 to peer 0x5abc52d28ca0 (11 bytes)
1751728564.591990 sending message 112 to peer 0x5abc52d28ca0 (12 bytes)
1751728564.591991 sending message 112 to peer 0x5abc52d28ca0 (12 bytes)
1751728564.591992 sending message 112 to peer 0x5abc52d28ca0 (13 bytes)
1751728564.591992 sending message 112 to peer 0x5abc52d28ca0 (13 bytes)
1751728564.591993 sending message 112 to peer 0x5abc52d28ca0 (13 bytes)
1751728564.591994 sending message 112 to peer 0x5abc52d28ca0 (13 bytes)
1751728564.591994 sending message 112 to peer 0x5abc52d28ca0 (13 bytes)
1751728564.591995 sending message 112 to peer 0x5abc52d28ca0 (10 bytes)
1751728564.591995 sending message 112 to peer 0x5abc52d28ca0 (9 bytes)
1751728564.591996 sending message 112 to peer 0x5abc52d28ca0 (12 bytes)
1751728564.591997 sending message 112 to peer 0x5abc52d28ca0 (13 bytes)
1751728564.591997 sending message 112 to peer 0x5abc52d28ca0 (13 bytes)
1751728564.591998 sending message 112 to peer 0x5abc52d28ca0 (13 bytes)
1751728564.591999 sending message 112 to peer 0x5abc52d28ca0 (13 bytes)
1751728564.591999 sending message 112 to peer 0x5abc52d28ca0 (13 bytes)
1751728564.592004 sending message 112 to peer 0x5abc52d28ca0 (9 bytes)
1751728564.592005 sending message 112 to peer 0x5abc52d28ca0 (12 bytes)
1751728564.592006 sending message 112 to peer 0x5abc52d28ca0 (13 bytes)
1751728564.592006 sending message 112 to peer 0x5abc52d28ca0 (13 bytes)
1751728564.592007 sending message 112 to peer 0x5abc52d28ca0 (13 bytes)
1751728564.592007 sending message 112 to peer 0x5abc52d28ca0 (13 bytes)
1751728564.592008 sending message 112 to peer 0x5abc52d28ca0 (13 bytes)
1751728564.592009 sending message 112 to peer 0x5abc52d28ca0 (11 bytes)
1751728564.592009 sending message 112 to peer 0x5abc52d28ca0 (12 bytes)
1751728564.592010 sending message 112 to peer 0x5abc52d28ca0 (13 bytes)
1751728564.592011 sending message 112 to peer 0x5abc52d28ca0 (13 bytes)
1751728564.592011 sending message 112 to peer 0x5abc52d28ca0 (13 bytes)
1751728564.592012 sending message 112 to peer 0x5abc52d28ca0 (13 bytes)
1751728564.592013 sending message 112 to peer 0x5abc52d28ca0 (13 bytes)
1751728564.592013 sending message 112 to peer 0x5abc52d28ca0 (11 bytes)
1751728564.592014 sending message 112 to peer 0x5abc52d28ca0 (12 bytes)
1751728564.592015 sending message 112 to peer 0x5abc52d28ca0 (12 bytes)
1751728564.592015 sending message 112 to peer 0x5abc52d28ca0 (12 bytes)
1751728564.592016 sending message 112 to peer 0x5abc52d28ca0 (12 bytes)
1751728564.592016 sending message 112 to peer 0x5abc52d28ca0 (12 bytes)
1751728564.592017 sending message 112 to peer 0x5abc52d28ca0 (21 bytes)
1751728564.592018 sending message 112 to peer 0x5abc52d28ca0 (12 bytes)
1751728564.592019 sending message 112 to peer 0x5abc52d28ca0 (9 bytes)
1751728564.592019 sending message 112 to peer 0x5abc52d28ca0 (6 bytes)
1751728564.592020 sending message 112 to peer 0x5abc52d28ca0 (13 bytes)
1751728564.592021 sending message 112 to peer 0x5abc52d28ca0 (8 bytes)
1751728564.592022 sending message 112 to peer 0x5abc52d28ca0 (15 bytes)
1751728564.592022 sending message 112 to peer 0x5abc52d28ca0 (13 bytes)
1751728564.592023 sending message 112 to peer 0x5abc52d28ca0 (9 bytes)
1751728564.592024 sending message 112 to peer 0x5abc52d28ca0 (70 bytes)
1751728564.592024 sending message 112 to peer 0x5abc52d28ca0 (69 bytes)
1751728564.592025 sending message 112 to peer 0x5abc52d28ca0 (10 bytes)
1751728564.592026 sending message 112 to peer 0x5abc52d28ca0 (10 bytes)
1751728564.592027 sending message 112 to peer 0x5abc52d28ca0 (8 bytes)
1751728564.592027 sending message 112 to peer 0x5abc52d28ca0 (15 bytes)
1751728564.592028 sending message 112 to peer 0x5abc52d28ca0 (13 bytes)
1751728564.592029 sending message 112 to peer 0x5abc52d28ca0 (10 bytes)
1751728564.592029 sending message 112 to peer 0x5abc52d28ca0 (10 bytes)
1751728564.592030 sending message 112 to peer 0x5abc52d28ca0 (17 bytes)
1751728564.592031 sending message 112 to peer 0x5abc52d28ca0 (10 bytes)
1751728564.592031 sending message 112 to peer 0x5abc52d28ca0 (13 bytes)
1751728564.592032 sending message 112 to peer 0x5abc52d28ca0 (9 bytes)
1751728564.592033 sending message 112 to peer 0x5abc52d28ca0 (5 bytes)
1751728564.592033 sending message 112 to peer 0x5abc52d28ca0 (15 bytes)
1751728564.592035 sending message 104 to peer 0x5abc52d28ca0 (0 bytes)
1751728564.592036 sending message 110 to peer 0x5abc52d28ca0 (0 bytes)
1751728564.592037 sending message 107 to peer 0x5abc52d28ca0 (4 bytes)
1751728564.592037 sending message 105 to peer 0x5abc52d28ca0 (16 bytes)
1751728564.592038 sending message 105 to peer 0x5abc52d28ca0 (24 bytes)
1751728564.592039 sending message 105 to peer 0x5abc52d28ca0 (25 bytes)
1751728564.592040 sending message 105 to peer 0x5abc52d28ca0 (23 bytes)
1751728564.592040 sending message 105 to peer 0x5abc52d28ca0 (35 bytes)
1751728564.592041 sending message 105 to peer 0x5abc52d28ca0 (48 bytes)
1751728564.592042 sending message 105 to peer 0x5abc52d28ca0 (21 bytes)
1751728564.592042 sending message 105 to peer 0x5abc52d28ca0 (29 bytes)
1751728564.592043 sending message 105 to peer 0x5abc52d28ca0 (14 bytes)
1751728564.592044 sending message 105 to peer 0x5abc52d28ca0 (23 bytes)
1751728564.592046 sending message 105 to peer 0x5abc52d28ca0 (17 bytes)
1751728564.592047 sending message 105 to peer 0x5abc52d28ca0 (13 bytes)
1751728564.592048 sending message 105 to peer 0x5abc52d28ca0 (33 bytes)
1751728564.592048 sending message 105 to peer 0x5abc52d28ca0 (1817 bytes)
1751728564.592053 sending message 105 to peer 0x5abc52d28ca0 (26 bytes)
1751728564.592054 sending message 105 to peer 0x5abc52d28ca0 (34 bytes)
1751728564.592055 sending message 105 to peer 0x5abc52d28ca0 (19 bytes)
1751728564.592056 sending message 105 to peer 0x5abc52d28ca0 (32 bytes)
1751728564.592057 sending message 105 to peer 0x5abc52d28ca0 (11 bytes)
1751728564.592057 sending message 105 to peer 0x5abc52d28ca0 (13 bytes)
1751728564.592058 sending message 105 to peer 0x5abc52d28ca0 (11 bytes)
1751728564.592059 sending message 105 to peer 0x5abc52d28ca0 (8 bytes)
1751728564.592059 sending message 105 to peer 0x5abc52d28ca0 (32 bytes)
1751728564.592060 sending message 105 to peer 0x5abc52d28ca0 (47 bytes)
1751728564.592061 sending message 105 to peer 0x5abc52d28ca0 (33 bytes)
1751728564.592061 sending message 105 to peer 0x5abc52d28ca0 (65 bytes)
1751728564.592062 sending message 105 to peer 0x5abc52d28ca0 (598 bytes)
1751728564.592063 sending message 105 to peer 0x5abc52d28ca0 (54 bytes)
1751728564.592064 sending message 105 to peer 0x5abc52d28ca0 (16 bytes)
1751728564.592064 sending message 105 to peer 0x5abc52d28ca0 (40 bytes)
1751728564.592065 sending message 105 to peer 0x5abc52d28ca0 (53 bytes)
1751728564.592066 sending message 105 to peer 0x5abc52d28ca0 (27 bytes)
1751728564.592077 sending message 105 to peer 0x5abc52d28ca0 (18 bytes)
1751728564.592079 sending message 105 to peer 0x5abc52d28ca0 (16 bytes)
1751728564.592080 sending message 106 to peer 0x5abc52d28ca0 (0 bytes)
1751728564.592117 sending message 200 to peer 0x5abc52d28ca0 (4 bytes)
1751728564.592121 client loop enter
1751728564.592332 peer 0x5abc52d28ca0 message 303
1751728564.592336 open write file 2 -
1751728564.592340 sending message 305 to peer 0x5abc52d28ca0 (8 bytes)
1751728564.592344 write check file 2
1751728564.592442 peer 0x5abc52d28ca0 message 304
1751728564.592445 write 58 to file 2
1751728564.592447 peer 0x5abc52d28ca0 message 203
1751728564.592448 file 2 58 bytes left
1751728564.592469 write check file 2
1751728564.592473 client loop exit
